  gigasecond_test.cpp
c:\users\pclayt01\documents\github\exercism\cpp\gigasecond\gigasecond_test.cpp(8): error C2039: 'posix_time': is not a member of 'boost'
  c:\users\pclayt01\documents\github\vcpkg\installed\x86-windows\include\boost\test\unit_test.hpp(43): note: see declaration of 'boost'
c:\users\pclayt01\documents\github\exercism\cpp\gigasecond\gigasecond_test.cpp(8): error C2871: 'posix_time': a namespace with this name does not exist
c:\users\pclayt01\documents\github\exercism\cpp\gigasecond\gigasecond_test.cpp(12): error C4430: missing type specifier - int assumed. Note: C++ does not support default-int
c:\users\pclayt01\documents\github\exercism\cpp\gigasecond\gigasecond_test.cpp(12): error C2146: syntax error: missing ';' before identifier 'actual'
c:\users\pclayt01\documents\github\exercism\cpp\gigasecond\gigasecond_test.cpp(12): error C2065: 'actual': undeclared identifier
c:\users\pclayt01\documents\github\exercism\cpp\gigasecond\gigasecond_test.cpp(12): error C2653: 'gigasecond': is not a class or namespace name
c:\users\pclayt01\documents\github\exercism\cpp\gigasecond\gigasecond_test.cpp(12): error C3861: 'time_from_string': identifier not found
c:\users\pclayt01\documents\github\exercism\cpp\gigasecond\gigasecond_test.cpp(12): error C3861: 'advance': identifier not found
c:\users\pclayt01\documents\github\exercism\cpp\gigasecond\gigasecond_test.cpp(14): error C4430: missing type specifier - int assumed. Note: C++ does not support default-int
c:\users\pclayt01\documents\github\exercism\cpp\gigasecond\gigasecond_test.cpp(14): error C2086: 'const int ptime': redefinition
  c:\users\pclayt01\documents\github\exercism\cpp\gigasecond\gigasecond_test.cpp(12): note: see declaration of 'ptime'
c:\users\pclayt01\documents\github\exercism\cpp\gigasecond\gigasecond_test.cpp(14): error C2146: syntax error: missing ';' before identifier 'expected'
c:\users\pclayt01\documents\github\exercism\cpp\gigasecond\gigasecond_test.cpp(14): error C3861: 'time_from_string': identifier not found
c:\users\pclayt01\documents\github\exercism\cpp\gigasecond\gigasecond_test.cpp(14): error C3861: 'expected': identifier not found
c:\users\pclayt01\documents\github\exercism\cpp\gigasecond\gigasecond_test.cpp(15): error C2065: 'expected': undeclared identifier
c:\users\pclayt01\documents\github\exercism\cpp\gigasecond\gigasecond_test.cpp(15): error C2065: 'actual': undeclared identifier
